<?xml version="1.0" encoding="UTF-8"?>
<!-- Generated by org.testng.reporters.JUnitReportReporter -->
<testsuite hostname="DESKTOP-O71FAF9" failures="0" tests="1" name="SeleniumDatabaseTesting" time="0.023" errors="0" timestamp="2023-02-18T11:03:55 WIB" skipped="0">
  <testcase classname="SeleniumDatabaseTesting" name="test" time="0.023"/>
  <system-out/>
</testsuite> <!-- SeleniumDatabaseTesting -->
